<?xml version="1.0" encoding="UTF-8"?>
<testsuite name="TestUnsafe" tests="1" skipped="0" failures="0" errors="0" timestamp="2022-12-04T16:07:18" hostname="kamil-boh" time="0.03">
  <properties/>
  <testcase name="testUnsafe()" classname="TestUnsafe" time="0.03"/>
  <system-out><![CDATA[]]></system-out>
  <system-err><![CDATA[]]></system-err>
</testsuite>
